TI ARM Assembler PC v5.2.5 Mon May 02 13:27:58 2016

Tools Copyright (c) 1996-2015 Texas Instruments Incorporated
CircularArray.asm                                                    PAGE    1

       1                    ;******************************************************************************
       2                    ;* TI ARM C/C++ Codegen                                             PC v5.2.5 *
       3                    ;* Date/Time created: Mon May 02 13:27:58 2016                                *
       4                    ;******************************************************************************
       5                            .compiler_opts --abi=eabi --arm_vmrs_si_workaround=off --code_state=16 --diag_wrap=off --disab
       6 00000000                   .thumb
       7                    
       8                    $C$DW$CU        .dwtag  DW_TAG_compile_unit
       9                            .dwattr $C$DW$CU, DW_AT_name("../Tasks/CircularArray.c")
      10                            .dwattr $C$DW$CU, DW_AT_producer("TI TI ARM C/C++ Codegen PC v5.2.5 Copyright (c) 1996-2015 Te
      11                            .dwattr $C$DW$CU, DW_AT_TI_version(0x01)
      12                            .dwattr $C$DW$CU, DW_AT_comp_dir("C:\Users\trilu\workspace_eecs\FreeRTOS823_3_TM4C1294_Base_Te
      13                    ;       C:\ti\ccsv6\tools\compiler\ti-cgt-arm_5.2.5\bin\armacpia.exe -@C:\\Users\\trilu\\AppData\\Loca
      14 00000000                   .sect   ".text"
      15                            .clink
      16                            .thumbfunc CircularArray_Push
      17 00000000                   .thumb
      18                            .global CircularArray_Push
      19                    
      20                    $C$DW$1 .dwtag  DW_TAG_subprogram, DW_AT_name("CircularArray_Push")
      21                            .dwattr $C$DW$1, DW_AT_low_pc(CircularArray_Push)
      22                            .dwattr $C$DW$1, DW_AT_high_pc(0x00)
      23                            .dwattr $C$DW$1, DW_AT_TI_symbol_name("CircularArray_Push")
      24                            .dwattr $C$DW$1, DW_AT_external
      25                            .dwattr $C$DW$1, DW_AT_TI_begin_file("../Tasks/CircularArray.c")
      26                            .dwattr $C$DW$1, DW_AT_TI_begin_line(0x21)
      27                            .dwattr $C$DW$1, DW_AT_TI_begin_column(0x06)
      28                            .dwattr $C$DW$1, DW_AT_decl_file("../Tasks/CircularArray.c")
      29                            .dwattr $C$DW$1, DW_AT_decl_line(0x21)
      30                            .dwattr $C$DW$1, DW_AT_decl_column(0x06)
      31                            .dwattr $C$DW$1, DW_AT_TI_max_frame_size(0x10)
      32                            .dwpsn  file "../Tasks/CircularArray.c",line 34,column 1,is_stmt,address CircularArray_Push,is
      33                    
      34                            .dwfde $C$DW$CIE, CircularArray_Push
      35                    $C$DW$2 .dwtag  DW_TAG_formal_parameter, DW_AT_name("circle")
      36                            .dwattr $C$DW$2, DW_AT_TI_symbol_name("circle")
      37                            .dwattr $C$DW$2, DW_AT_type(*$C$DW$T$24)
      38                            .dwattr $C$DW$2, DW_AT_location[DW_OP_reg0]
      39                    $C$DW$3 .dwtag  DW_TAG_formal_parameter, DW_AT_name("datum")
      40                            .dwattr $C$DW$3, DW_AT_TI_symbol_name("datum")
      41                            .dwattr $C$DW$3, DW_AT_type(*$C$DW$T$16)
      42                            .dwattr $C$DW$3, DW_AT_location[DW_OP_regx 0x40]
      43                    
      44                    ;*****************************************************************************
      45                    ;* FUNCTION NAME: CircularArray_Push                                         *
      46                    ;*                                                                           *
      47                    ;*   Regs Modified     : A1,A2,A3,A4,V9,SP,LR,SR,FPEXC,FPSCR                 *
      48                    ;*   Regs Used         : A1,A2,A3,A4,V9,SP,LR,SR,D0,FPEXC,FPSCR              *
      49                    ;*   Local Frame Size  : 0 Args + 12 Auto + 4 Save = 16 byte                 *
      50                    ;*****************************************************************************
      51 00000000           CircularArray_Push:
      52                    ;* --------------------------------------------------------------------------*
      53                            .dwcfi  cfa_offset, 0
      54 00000000 B50E              PUSH      {A2, A3, A4, LR}      ; [DPU_3_PIPE]  ; [ORIG 16-BIT INS]
      55                            .dwcfi  cfa_offset, 16
TI ARM Assembler PC v5.2.5 Mon May 02 13:27:58 2016

Tools Copyright (c) 1996-2015 Texas Instruments Incorporated
CircularArray.asm                                                    PAGE    2

      56                            .dwcfi  save_reg_to_mem, 14, -4
      57                            .dwcfi  save_reg_to_mem, 3, -8
      58                            .dwcfi  save_reg_to_mem, 2, -12
      59                            .dwcfi  save_reg_to_mem, 1, -16
      60                    $C$DW$4 .dwtag  DW_TAG_variable, DW_AT_name("circle")
      61                            .dwattr $C$DW$4, DW_AT_TI_symbol_name("circle")
      62                            .dwattr $C$DW$4, DW_AT_type(*$C$DW$T$24)
      63                            .dwattr $C$DW$4, DW_AT_location[DW_OP_breg13 0]
      64                    $C$DW$5 .dwtag  DW_TAG_variable, DW_AT_name("datum")
      65                            .dwattr $C$DW$5, DW_AT_TI_symbol_name("datum")
      66                            .dwattr $C$DW$5, DW_AT_type(*$C$DW$T$16)
      67                            .dwattr $C$DW$5, DW_AT_location[DW_OP_breg13 4]
      68                    $C$DW$6 .dwtag  DW_TAG_variable, DW_AT_name("index")
      69                            .dwattr $C$DW$6, DW_AT_TI_symbol_name("index")
      70                            .dwattr $C$DW$6, DW_AT_type(*$C$DW$T$20)
      71                            .dwattr $C$DW$6, DW_AT_location[DW_OP_breg13 8]
      72 00000002 0A01ED8D          VSTR.32   S0, [SP, #4]          ; [DPU_LIN_PIPE] |34|  ; [KEEP 32-BIT INS]
      73 00000006 9000              STR       A1, [SP, #0]          ; [DPU_3_PIPE] |34|  ; [ORIG 16-BIT INS]
      74                            .dwpsn  file "../Tasks/CircularArray.c",line 36,column 17,is_stmt,isa 1
      75 00000008 9800              LDR       A1, [SP, #0]          ; [DPU_3_PIPE] |36|  ; [ORIG 16-BIT INS]
      76 0000000a 6A80              LDR       A1, [A1, #40]         ; [DPU_3_PIPE] |36|  ; [ORIG 16-BIT INS]
      77 0000000c 1C40              ADDS      A1, A1, #1            ; [DPU_3_PIPE] |36|  ; [ORIG 16-BIT INS]
      78 0000000e 9002              STR       A1, [SP, #8]          ; [DPU_3_PIPE] |36|  ; [ORIG 16-BIT INS]
      79                            .dwpsn  file "../Tasks/CircularArray.c",line 40,column 2,is_stmt,isa 1
      80 00000010 9802              LDR       A1, [SP, #8]          ; [DPU_3_PIPE] |40|  ; [ORIG 16-BIT INS]
      81 00000012 2814              CMP       A1, #20               ; [DPU_3_PIPE] |40|  ; [ORIG 16-BIT INS]
      82 00000014 D902              BLS       ||$C$L1||             ; [DPU_3_PIPE] |40|  ; [ORIG 16-BIT INS]
      83                            ; BRANCHCC OCCURS {||$C$L1||}    ; [] |40| 
      84                    ;* --------------------------------------------------------------------------*
      85                            .dwpsn  file "../Tasks/CircularArray.c",line 42,column 3,is_stmt,isa 1
      86 00000016 9802              LDR       A1, [SP, #8]          ; [DPU_3_PIPE] |42|  ; [ORIG 16-BIT INS]
      87 00000018 380A              SUBS      A1, A1, #10           ; [DPU_3_PIPE] |42|  ; [ORIG 16-BIT INS]
      88 0000001a 9002              STR       A1, [SP, #8]          ; [DPU_3_PIPE] |42|  ; [ORIG 16-BIT INS]
      89                    ;* --------------------------------------------------------------------------*
      90 0000001c           ||$C$L1||:    
      91                            .dwpsn  file "../Tasks/CircularArray.c",line 45,column 2,is_stmt,isa 1
      92 0000001c 9802              LDR       A1, [SP, #8]          ; [DPU_3_PIPE] |45|  ; [ORIG 16-BIT INS]
      93 0000001e 9900              LDR       A2, [SP, #0]          ; [DPU_3_PIPE] |45|  ; [ORIG 16-BIT INS]
      94 00000020 6288              STR       A1, [A2, #40]         ; [DPU_3_PIPE] |45|  ; [ORIG 16-BIT INS]
      95                            .dwpsn  file "../Tasks/CircularArray.c",line 47,column 2,is_stmt,isa 1
      96 00000022 9802              LDR       A1, [SP, #8]          ; [DPU_3_PIPE] |47|  ; [ORIG 16-BIT INS]
      97 00000024 210A              MOVS      A2, #10               ; [DPU_3_PIPE] |47|  ; [ORIG 16-BIT INS]
      98                    $C$DW$7 .dwtag  DW_TAG_TI_branch
      99                            .dwattr $C$DW$7, DW_AT_low_pc(0x00)
     100                            .dwattr $C$DW$7, DW_AT_name("U$MOD")
     101                            .dwattr $C$DW$7, DW_AT_TI_call
     102 00000026 FFFEF7FF!         BL        __aeabi_uidivmod      ; [DPU_3_PIPE] |47|  ; [KEEP 32-BIT INS]
     103                            ; CALL OCCURS {__aeabi_uidivmod }  ; [] |47| 
     104 0000002a 9A00              LDR       A3, [SP, #0]          ; [DPU_3_PIPE] |47|  ; [ORIG 16-BIT INS]
     105 0000002c 9801              LDR       A1, [SP, #4]          ; [DPU_3_PIPE] |47|  ; [ORIG 16-BIT INS]
     106 0000002e 0021F842          STR       A1, [A3, +A2, LSL #2] ; [DPU_3_PIPE] |47|  ; [KEEP 32-BIT INS]
     107                            .dwpsn  file "../Tasks/CircularArray.c",line 48,column 1,is_stmt,isa 1
     108                    $C$DW$8 .dwtag  DW_TAG_TI_branch
     109                            .dwattr $C$DW$8, DW_AT_low_pc(0x00)
     110                            .dwattr $C$DW$8, DW_AT_TI_return
TI ARM Assembler PC v5.2.5 Mon May 02 13:27:58 2016

Tools Copyright (c) 1996-2015 Texas Instruments Incorporated
CircularArray.asm                                                    PAGE    3

     111 00000032 BD0E              POP       {A2, A3, A4, PC}      ; [DPU_3_PIPE]  ; [ORIG 16-BIT INS]
     112                            .dwcfi  cfa_offset, 0
     113                            ; BRANCH OCCURS                  ; [] 
     114                            .dwattr $C$DW$1, DW_AT_TI_end_file("../Tasks/CircularArray.c")
     115                            .dwattr $C$DW$1, DW_AT_TI_end_line(0x30)
     116                            .dwattr $C$DW$1, DW_AT_TI_end_column(0x01)
     117                            .dwendentry
     118                            .dwendtag $C$DW$1
     119                    
     120 00000034                   .sect   ".text"
     121                            .clink
     122                            .thumbfunc CircularArray_Peek
     123 00000034                   .thumb
     124                            .global CircularArray_Peek
     125                    
     126                    $C$DW$9 .dwtag  DW_TAG_subprogram, DW_AT_name("CircularArray_Peek")
     127                            .dwattr $C$DW$9, DW_AT_low_pc(CircularArray_Peek)
     128                            .dwattr $C$DW$9, DW_AT_high_pc(0x00)
     129                            .dwattr $C$DW$9, DW_AT_TI_symbol_name("CircularArray_Peek")
     130                            .dwattr $C$DW$9, DW_AT_external
     131                            .dwattr $C$DW$9, DW_AT_type(*$C$DW$T$16)
     132                            .dwattr $C$DW$9, DW_AT_TI_begin_file("../Tasks/CircularArray.c")
     133                            .dwattr $C$DW$9, DW_AT_TI_begin_line(0x3d)
     134                            .dwattr $C$DW$9, DW_AT_TI_begin_column(0x07)
     135                            .dwattr $C$DW$9, DW_AT_decl_file("../Tasks/CircularArray.c")
     136                            .dwattr $C$DW$9, DW_AT_decl_line(0x3d)
     137                            .dwattr $C$DW$9, DW_AT_decl_column(0x07)
     138                            .dwattr $C$DW$9, DW_AT_TI_max_frame_size(0x10)
     139                            .dwpsn  file "../Tasks/CircularArray.c",line 62,column 1,is_stmt,address CircularArray_Peek,is
     140                    
     141                            .dwfde $C$DW$CIE, CircularArray_Peek
     142                    $C$DW$10        .dwtag  DW_TAG_formal_parameter, DW_AT_name("circle")
     143                            .dwattr $C$DW$10, DW_AT_TI_symbol_name("circle")
     144                            .dwattr $C$DW$10, DW_AT_type(*$C$DW$T$24)
     145                            .dwattr $C$DW$10, DW_AT_location[DW_OP_reg0]
     146                    $C$DW$11        .dwtag  DW_TAG_formal_parameter, DW_AT_name("offset")
     147                            .dwattr $C$DW$11, DW_AT_TI_symbol_name("offset")
     148                            .dwattr $C$DW$11, DW_AT_type(*$C$DW$T$20)
     149                            .dwattr $C$DW$11, DW_AT_location[DW_OP_reg1]
     150                    
     151                    ;*****************************************************************************
     152                    ;* FUNCTION NAME: CircularArray_Peek                                         *
     153                    ;*                                                                           *
     154                    ;*   Regs Modified     : A1,A2,A3,A4,SP,SR,D0                                *
     155                    ;*   Regs Used         : A1,A2,A3,A4,SP,LR,SR,D0                             *
     156                    ;*   Local Frame Size  : 0 Args + 12 Auto + 0 Save = 12 byte                 *
     157                    ;*****************************************************************************
     158 00000034           CircularArray_Peek:
     159                    ;* --------------------------------------------------------------------------*
     160                            .dwcfi  cfa_offset, 0
     161 00000034 0D10F1AD          SUB       SP, SP, #16           ; [DPU_3_PIPE]  ; [KEEP 32-BIT INS]
     162                            .dwcfi  cfa_offset, 16
     163                    $C$DW$12        .dwtag  DW_TAG_variable, DW_AT_name("circle")
     164                            .dwattr $C$DW$12, DW_AT_TI_symbol_name("circle")
     165                            .dwattr $C$DW$12, DW_AT_type(*$C$DW$T$24)
TI ARM Assembler PC v5.2.5 Mon May 02 13:27:58 2016

Tools Copyright (c) 1996-2015 Texas Instruments Incorporated
CircularArray.asm                                                    PAGE    4

     166                            .dwattr $C$DW$12, DW_AT_location[DW_OP_breg13 0]
     167                    $C$DW$13        .dwtag  DW_TAG_variable, DW_AT_name("offset")
     168                            .dwattr $C$DW$13, DW_AT_TI_symbol_name("offset")
     169                            .dwattr $C$DW$13, DW_AT_type(*$C$DW$T$20)
     170                            .dwattr $C$DW$13, DW_AT_location[DW_OP_breg13 4]
     171                    $C$DW$14        .dwtag  DW_TAG_variable, DW_AT_name("index")
     172                            .dwattr $C$DW$14, DW_AT_TI_symbol_name("index")
     173                            .dwattr $C$DW$14, DW_AT_type(*$C$DW$T$38)
     174                            .dwattr $C$DW$14, DW_AT_location[DW_OP_breg13 8]
     175 00000038 9101              STR       A2, [SP, #4]          ; [DPU_3_PIPE] |62|  ; [ORIG 16-BIT INS]
     176 0000003a 9000              STR       A1, [SP, #0]          ; [DPU_3_PIPE] |62|  ; [ORIG 16-BIT INS]
     177                            .dwpsn  file "../Tasks/CircularArray.c",line 64,column 16,is_stmt,isa 1
     178 0000003c 9800              LDR       A1, [SP, #0]          ; [DPU_3_PIPE] |64|  ; [ORIG 16-BIT INS]
     179 0000003e 9901              LDR       A2, [SP, #4]          ; [DPU_3_PIPE] |64|  ; [ORIG 16-BIT INS]
     180 00000040 6A80              LDR       A1, [A1, #40]         ; [DPU_3_PIPE] |64|  ; [ORIG 16-BIT INS]
     181 00000042 1A40              SUBS      A1, A1, A2            ; [DPU_3_PIPE] |64|  ; [ORIG 16-BIT INS]
     182 00000044 9002              STR       A1, [SP, #8]          ; [DPU_3_PIPE] |64|  ; [ORIG 16-BIT INS]
     183                            .dwpsn  file "../Tasks/CircularArray.c",line 66,column 2,is_stmt,isa 1
     184 00000046 9802              LDR       A1, [SP, #8]          ; [DPU_3_PIPE] |66|  ; [ORIG 16-BIT INS]
     185 00000048 9B00              LDR       A4, [SP, #0]          ; [DPU_3_PIPE] |66|  ; [ORIG 16-BIT INS]
     186 0000004a 220A              MOVS      A3, #10               ; [DPU_3_PIPE] |66|  ; [ORIG 16-BIT INS]
     187 0000004c F1F2FB90          SDIV      A2, A1, A3            ; [DPU_3_PIPE] |66|  ; [KEEP 32-BIT INS]
     188 00000050 4351              MULS      A2, A2, A3            ; [DPU_3_PIPE] |66|  ; [ORIG 16-BIT INS]
     189 00000052 1A40              SUBS      A1, A1, A2            ; [DPU_3_PIPE] |66|  ; [ORIG 16-BIT INS]
     190 00000054 0020F853          LDR       A1, [A4, +A1, LSL #2] ; [DPU_3_PIPE] |66|  ; [KEEP 32-BIT INS]
     191 00000058 0A10EE00          VMOV      S0, A1                ; [DPU_LIN_PIPE] |66|  ; [KEEP 32-BIT INS]
     192                            .dwpsn  file "../Tasks/CircularArray.c",line 67,column 1,is_stmt,isa 1
     193 0000005c B004              ADD       SP, SP, #16           ; [DPU_3_PIPE]  ; [ORIG 16-BIT INS]
     194                            .dwcfi  cfa_offset, 0
     195                    $C$DW$15        .dwtag  DW_TAG_TI_branch
     196                            .dwattr $C$DW$15, DW_AT_low_pc(0x00)
     197                            .dwattr $C$DW$15, DW_AT_TI_return
     198 0000005e 4770              BX        LR                    ; [DPU_3_PIPE]  ; [ORIG 16-BIT INS]
     199                            ; BRANCH OCCURS                  ; [] 
     200                            .dwattr $C$DW$9, DW_AT_TI_end_file("../Tasks/CircularArray.c")
     201                            .dwattr $C$DW$9, DW_AT_TI_end_line(0x43)
     202                            .dwattr $C$DW$9, DW_AT_TI_end_column(0x01)
     203                            .dwendentry
     204                            .dwendtag $C$DW$9
     205                    
     206 00000060                   .sect   ".text"
     207                            .clink
     208                            .thumbfunc CircularArray_Sum
     209 00000060                   .thumb
     210                            .global CircularArray_Sum
     211                    
     212                    $C$DW$16        .dwtag  DW_TAG_subprogram, DW_AT_name("CircularArray_Sum")
     213                            .dwattr $C$DW$16, DW_AT_low_pc(CircularArray_Sum)
     214                            .dwattr $C$DW$16, DW_AT_high_pc(0x00)
     215                            .dwattr $C$DW$16, DW_AT_TI_symbol_name("CircularArray_Sum")
     216                            .dwattr $C$DW$16, DW_AT_external
     217                            .dwattr $C$DW$16, DW_AT_type(*$C$DW$T$16)
     218                            .dwattr $C$DW$16, DW_AT_TI_begin_file("../Tasks/CircularArray.c")
     219                            .dwattr $C$DW$16, DW_AT_TI_begin_line(0x4f)
     220                            .dwattr $C$DW$16, DW_AT_TI_begin_column(0x07)
TI ARM Assembler PC v5.2.5 Mon May 02 13:27:58 2016

Tools Copyright (c) 1996-2015 Texas Instruments Incorporated
CircularArray.asm                                                    PAGE    5

     221                            .dwattr $C$DW$16, DW_AT_decl_file("../Tasks/CircularArray.c")
     222                            .dwattr $C$DW$16, DW_AT_decl_line(0x4f)
     223                            .dwattr $C$DW$16, DW_AT_decl_column(0x07)
     224                            .dwattr $C$DW$16, DW_AT_TI_max_frame_size(0x10)
     225                            .dwpsn  file "../Tasks/CircularArray.c",line 80,column 1,is_stmt,address CircularArray_Sum,isa
     226                    
     227                            .dwfde $C$DW$CIE, CircularArray_Sum
     228                    $C$DW$17        .dwtag  DW_TAG_formal_parameter, DW_AT_name("circle")
     229                            .dwattr $C$DW$17, DW_AT_TI_symbol_name("circle")
     230                            .dwattr $C$DW$17, DW_AT_type(*$C$DW$T$24)
     231                            .dwattr $C$DW$17, DW_AT_location[DW_OP_reg0]
     232                    
     233                    ;*****************************************************************************
     234                    ;* FUNCTION NAME: CircularArray_Sum                                          *
     235                    ;*                                                                           *
     236                    ;*   Regs Modified     : A1,A2,SP,SR,D0,D0_hi                                *
     237                    ;*   Regs Used         : A1,A2,SP,LR,SR,D0,D0_hi                             *
     238                    ;*   Local Frame Size  : 0 Args + 16 Auto + 0 Save = 16 byte                 *
     239                    ;*****************************************************************************
     240 00000060           CircularArray_Sum:
     241                    ;* --------------------------------------------------------------------------*
     242                            .dwcfi  cfa_offset, 0
     243 00000060 0D10F1AD          SUB       SP, SP, #16           ; [DPU_3_PIPE]  ; [KEEP 32-BIT INS]
     244                            .dwcfi  cfa_offset, 16
     245                    $C$DW$18        .dwtag  DW_TAG_variable, DW_AT_name("circle")
     246                            .dwattr $C$DW$18, DW_AT_TI_symbol_name("circle")
     247                            .dwattr $C$DW$18, DW_AT_type(*$C$DW$T$24)
     248                            .dwattr $C$DW$18, DW_AT_location[DW_OP_breg13 0]
     249                    $C$DW$19        .dwtag  DW_TAG_variable, DW_AT_name("i")
     250                            .dwattr $C$DW$19, DW_AT_TI_symbol_name("i")
     251                            .dwattr $C$DW$19, DW_AT_type(*$C$DW$T$20)
     252                            .dwattr $C$DW$19, DW_AT_location[DW_OP_breg13 4]
     253                    $C$DW$20        .dwtag  DW_TAG_variable, DW_AT_name("elements")
     254                            .dwattr $C$DW$20, DW_AT_TI_symbol_name("elements")
     255                            .dwattr $C$DW$20, DW_AT_type(*$C$DW$T$20)
     256                            .dwattr $C$DW$20, DW_AT_location[DW_OP_breg13 8]
     257                    $C$DW$21        .dwtag  DW_TAG_variable, DW_AT_name("sum")
     258                            .dwattr $C$DW$21, DW_AT_TI_symbol_name("sum")
     259                            .dwattr $C$DW$21, DW_AT_type(*$C$DW$T$16)
     260                            .dwattr $C$DW$21, DW_AT_location[DW_OP_breg13 12]
     261 00000064 9000              STR       A1, [SP, #0]          ; [DPU_3_PIPE] |80|  ; [ORIG 16-BIT INS]
     262                            .dwpsn  file "../Tasks/CircularArray.c",line 81,column 13,is_stmt,isa 1
     263 00000066 2000              MOVS      A1, #0                ; [DPU_3_PIPE] |81|  ; [ORIG 16-BIT INS]
     264 00000068 9001              STR       A1, [SP, #4]          ; [DPU_3_PIPE] |81|  ; [ORIG 16-BIT INS]
     265                            .dwpsn  file "../Tasks/CircularArray.c",line 83,column 20,is_stmt,isa 1
     266 0000006a 9800              LDR       A1, [SP, #0]          ; [DPU_3_PIPE] |83|  ; [ORIG 16-BIT INS]
     267 0000006c 6A80              LDR       A1, [A1, #40]         ; [DPU_3_PIPE] |83|  ; [ORIG 16-BIT INS]
     268 0000006e 9002              STR       A1, [SP, #8]          ; [DPU_3_PIPE] |83|  ; [ORIG 16-BIT INS]
     269                            .dwpsn  file "../Tasks/CircularArray.c",line 85,column 2,is_stmt,isa 1
     270 00000070 9802              LDR       A1, [SP, #8]          ; [DPU_3_PIPE] |85|  ; [ORIG 16-BIT INS]
     271 00000072 280A              CMP       A1, #10               ; [DPU_3_PIPE] |85|  ; [ORIG 16-BIT INS]
     272 00000074 D301              BCC       ||$C$L2||             ; [DPU_3_PIPE] |85|  ; [ORIG 16-BIT INS]
     273                            ; BRANCHCC OCCURS {||$C$L2||}    ; [] |85| 
     274                    ;* --------------------------------------------------------------------------*
     275                            .dwpsn  file "../Tasks/CircularArray.c",line 87,column 3,is_stmt,isa 1
TI ARM Assembler PC v5.2.5 Mon May 02 13:27:58 2016

Tools Copyright (c) 1996-2015 Texas Instruments Incorporated
CircularArray.asm                                                    PAGE    6

     276 00000076 200A              MOVS      A1, #10               ; [DPU_3_PIPE] |87|  ; [ORIG 16-BIT INS]
     277 00000078 9002              STR       A1, [SP, #8]          ; [DPU_3_PIPE] |87|  ; [ORIG 16-BIT INS]
     278                    ;* --------------------------------------------------------------------------*
     279 0000007a           ||$C$L2||:    
     280                            .dwpsn  file "../Tasks/CircularArray.c",line 90,column 12,is_stmt,isa 1
     281 0000007a 482B              LDR       A1, $C$FL1            ; [DPU_3_PIPE] |90|  ; [ORIG 16-BIT INS]
     282 0000007c 9003              STR       A1, [SP, #12]         ; [DPU_3_PIPE] |90|  ; [ORIG 16-BIT INS]
     283                            .dwpsn  file "../Tasks/CircularArray.c",line 91,column 6,is_stmt,isa 1
     284 0000007e 2000              MOVS      A1, #0                ; [DPU_3_PIPE] |91|  ; [ORIG 16-BIT INS]
     285 00000080 9001              STR       A1, [SP, #4]          ; [DPU_3_PIPE] |91|  ; [ORIG 16-BIT INS]
     286                            .dwpsn  file "../Tasks/CircularArray.c",line 91,column 13,is_stmt,isa 1
     287 00000082 9802              LDR       A1, [SP, #8]          ; [DPU_3_PIPE] |91|  ; [ORIG 16-BIT INS]
     288 00000084 9901              LDR       A2, [SP, #4]          ; [DPU_3_PIPE] |91|  ; [ORIG 16-BIT INS]
     289 00000086 4288              CMP       A1, A2                ; [DPU_3_PIPE] |91|  ; [ORIG 16-BIT INS]
     290 00000088 D912              BLS       ||$C$L4||             ; [DPU_3_PIPE] |91|  ; [ORIG 16-BIT INS]
     291                            ; BRANCHCC OCCURS {||$C$L4||}    ; [] |91| 
     292                    ;* --------------------------------------------------------------------------*
     293                    ;*   BEGIN LOOP ||$C$L3||
     294                    ;*
     295                    ;*   Loop source line                : 91
     296                    ;*   Loop closing brace source line  : 94
     297                    ;*   Known Minimum Trip Count        : 1
     298                    ;*   Known Maximum Trip Count        : 4294967295
     299                    ;*   Known Max Trip Count Factor     : 1
     300                    ;* --------------------------------------------------------------------------*
     301 0000008a           ||$C$L3||:    
     302                            .dwpsn  file "../Tasks/CircularArray.c",line 93,column 3,is_stmt,isa 1
     303 0000008a 9901              LDR       A2, [SP, #4]          ; [DPU_3_PIPE] |93|  ; [ORIG 16-BIT INS]
     304 0000008c 9800              LDR       A1, [SP, #0]          ; [DPU_3_PIPE] |93|  ; [ORIG 16-BIT INS]
     305 0000008e 0A03ED9D          VLDR.32   S0, [SP, #12]         ; [DPU_LIN_PIPE] |93|  ; [KEEP 32-BIT INS]
     306 00000092 0081EB00          ADD       A1, A1, A2, LSL #2    ; [DPU_3_PIPE] |93|  ; [KEEP 32-BIT INS]
     307 00000096 0A00EDD0          VLDR.32   S1, [A1, #0]          ; [DPU_LIN_PIPE] |93|  ; [KEEP 32-BIT INS]
     308 0000009a 0A80EE30          VADD.F32  S0, S1, S0            ; [DPU_LIN_PIPE] |93|  ; [KEEP 32-BIT INS]
     309 0000009e 0A03ED8D          VSTR.32   S0, [SP, #12]         ; [DPU_LIN_PIPE] |93|  ; [KEEP 32-BIT INS]
     310                            .dwpsn  file "../Tasks/CircularArray.c",line 91,column 27,is_stmt,isa 1
     311 000000a2 9801              LDR       A1, [SP, #4]          ; [DPU_3_PIPE] |91|  ; [ORIG 16-BIT INS]
     312 000000a4 1C40              ADDS      A1, A1, #1            ; [DPU_3_PIPE] |91|  ; [ORIG 16-BIT INS]
     313 000000a6 9001              STR       A1, [SP, #4]          ; [DPU_3_PIPE] |91|  ; [ORIG 16-BIT INS]
     314                            .dwpsn  file "../Tasks/CircularArray.c",line 91,column 13,is_stmt,isa 1
     315 000000a8 9802              LDR       A1, [SP, #8]          ; [DPU_3_PIPE] |91|  ; [ORIG 16-BIT INS]
     316 000000aa 9901              LDR       A2, [SP, #4]          ; [DPU_3_PIPE] |91|  ; [ORIG 16-BIT INS]
     317 000000ac 4288              CMP       A1, A2                ; [DPU_3_PIPE] |91|  ; [ORIG 16-BIT INS]
     318 000000ae D8EC              BHI       ||$C$L3||             ; [DPU_3_PIPE] |91|  ; [ORIG 16-BIT INS]
     319                            ; BRANCHCC OCCURS {||$C$L3||}    ; [] |91| 
     320                    ;* --------------------------------------------------------------------------*
     321 000000b0           ||$C$L4||:    
     322                            .dwpsn  file "../Tasks/CircularArray.c",line 96,column 2,is_stmt,isa 1
     323 000000b0 0A03ED9D          VLDR.32   S0, [SP, #12]         ; [DPU_LIN_PIPE] |96|  ; [KEEP 32-BIT INS]
     324                            .dwpsn  file "../Tasks/CircularArray.c",line 97,column 1,is_stmt,isa 1
     325 000000b4 B004              ADD       SP, SP, #16           ; [DPU_3_PIPE]  ; [ORIG 16-BIT INS]
     326                            .dwcfi  cfa_offset, 0
     327                    $C$DW$22        .dwtag  DW_TAG_TI_branch
     328                            .dwattr $C$DW$22, DW_AT_low_pc(0x00)
     329                            .dwattr $C$DW$22, DW_AT_TI_return
     330 000000b6 4770              BX        LR                    ; [DPU_3_PIPE]  ; [ORIG 16-BIT INS]
TI ARM Assembler PC v5.2.5 Mon May 02 13:27:58 2016

Tools Copyright (c) 1996-2015 Texas Instruments Incorporated
CircularArray.asm                                                    PAGE    7

     331                            ; BRANCH OCCURS                  ; [] 
     332                            .dwattr $C$DW$16, DW_AT_TI_end_file("../Tasks/CircularArray.c")
     333                            .dwattr $C$DW$16, DW_AT_TI_end_line(0x61)
     334                            .dwattr $C$DW$16, DW_AT_TI_end_column(0x01)
     335                            .dwendentry
     336                            .dwendtag $C$DW$16
     337                    
     338 000000b8                   .sect   ".text"
     339                            .clink
     340                            .thumbfunc CircularArray_Average
     341 000000b8                   .thumb
     342                            .global CircularArray_Average
     343                    
     344                    $C$DW$23        .dwtag  DW_TAG_subprogram, DW_AT_name("CircularArray_Average")
     345                            .dwattr $C$DW$23, DW_AT_low_pc(CircularArray_Average)
     346                            .dwattr $C$DW$23, DW_AT_high_pc(0x00)
     347                            .dwattr $C$DW$23, DW_AT_TI_symbol_name("CircularArray_Average")
     348                            .dwattr $C$DW$23, DW_AT_external
     349                            .dwattr $C$DW$23, DW_AT_type(*$C$DW$T$16)
     350                            .dwattr $C$DW$23, DW_AT_TI_begin_file("../Tasks/CircularArray.c")
     351                            .dwattr $C$DW$23, DW_AT_TI_begin_line(0x6d)
     352                            .dwattr $C$DW$23, DW_AT_TI_begin_column(0x07)
     353                            .dwattr $C$DW$23, DW_AT_decl_file("../Tasks/CircularArray.c")
     354                            .dwattr $C$DW$23, DW_AT_decl_line(0x6d)
     355                            .dwattr $C$DW$23, DW_AT_decl_column(0x07)
     356                            .dwattr $C$DW$23, DW_AT_TI_max_frame_size(0x18)
     357                            .dwpsn  file "../Tasks/CircularArray.c",line 110,column 1,is_stmt,address CircularArray_Averag
     358                    
     359                            .dwfde $C$DW$CIE, CircularArray_Average
     360                    $C$DW$24        .dwtag  DW_TAG_formal_parameter, DW_AT_name("circle")
     361                            .dwattr $C$DW$24, DW_AT_TI_symbol_name("circle")
     362                            .dwattr $C$DW$24, DW_AT_type(*$C$DW$T$24)
     363                            .dwattr $C$DW$24, DW_AT_location[DW_OP_reg0]
     364                    
     365                    ;*****************************************************************************
     366                    ;* FUNCTION NAME: CircularArray_Average                                      *
     367                    ;*                                                                           *
     368                    ;*   Regs Modified     : A1,A2,SP,SR,D0,D0_hi                                *
     369                    ;*   Regs Used         : A1,A2,SP,LR,SR,D0,D0_hi                             *
     370                    ;*   Local Frame Size  : 0 Args + 20 Auto + 0 Save = 20 byte                 *
     371                    ;*****************************************************************************
     372 000000b8           CircularArray_Average:
     373                    ;* --------------------------------------------------------------------------*
     374                            .dwcfi  cfa_offset, 0
     375 000000b8 0D18F1AD          SUB       SP, SP, #24           ; [DPU_3_PIPE]  ; [KEEP 32-BIT INS]
     376                            .dwcfi  cfa_offset, 24
     377                    $C$DW$25        .dwtag  DW_TAG_variable, DW_AT_name("circle")
     378                            .dwattr $C$DW$25, DW_AT_TI_symbol_name("circle")
     379                            .dwattr $C$DW$25, DW_AT_type(*$C$DW$T$24)
     380                            .dwattr $C$DW$25, DW_AT_location[DW_OP_breg13 0]
     381                    $C$DW$26        .dwtag  DW_TAG_variable, DW_AT_name("i")
     382                            .dwattr $C$DW$26, DW_AT_TI_symbol_name("i")
     383                            .dwattr $C$DW$26, DW_AT_type(*$C$DW$T$20)
     384                            .dwattr $C$DW$26, DW_AT_location[DW_OP_breg13 4]
     385                    $C$DW$27        .dwtag  DW_TAG_variable, DW_AT_name("elements")
TI ARM Assembler PC v5.2.5 Mon May 02 13:27:58 2016

Tools Copyright (c) 1996-2015 Texas Instruments Incorporated
CircularArray.asm                                                    PAGE    8

     386                            .dwattr $C$DW$27, DW_AT_TI_symbol_name("elements")
     387                            .dwattr $C$DW$27, DW_AT_type(*$C$DW$T$20)
     388                            .dwattr $C$DW$27, DW_AT_location[DW_OP_breg13 8]
     389                    $C$DW$28        .dwtag  DW_TAG_variable, DW_AT_name("sum")
     390                            .dwattr $C$DW$28, DW_AT_TI_symbol_name("sum")
     391                            .dwattr $C$DW$28, DW_AT_type(*$C$DW$T$16)
     392                            .dwattr $C$DW$28, DW_AT_location[DW_OP_breg13 12]
     393                    $C$DW$29        .dwtag  DW_TAG_variable, DW_AT_name("average")
     394                            .dwattr $C$DW$29, DW_AT_TI_symbol_name("average")
     395                            .dwattr $C$DW$29, DW_AT_type(*$C$DW$T$16)
     396                            .dwattr $C$DW$29, DW_AT_location[DW_OP_breg13 16]
     397 000000bc 9000              STR       A1, [SP, #0]          ; [DPU_3_PIPE] |110|  ; [ORIG 16-BIT INS]
     398                            .dwpsn  file "../Tasks/CircularArray.c",line 112,column 13,is_stmt,isa 1
     399 000000be 2000              MOVS      A1, #0                ; [DPU_3_PIPE] |112|  ; [ORIG 16-BIT INS]
     400 000000c0 9001              STR       A1, [SP, #4]          ; [DPU_3_PIPE] |112|  ; [ORIG 16-BIT INS]
     401                            .dwpsn  file "../Tasks/CircularArray.c",line 113,column 20,is_stmt,isa 1
     402 000000c2 9800              LDR       A1, [SP, #0]          ; [DPU_3_PIPE] |113|  ; [ORIG 16-BIT INS]
     403 000000c4 6A80              LDR       A1, [A1, #40]         ; [DPU_3_PIPE] |113|  ; [ORIG 16-BIT INS]
     404 000000c6 9002              STR       A1, [SP, #8]          ; [DPU_3_PIPE] |113|  ; [ORIG 16-BIT INS]
     405                            .dwpsn  file "../Tasks/CircularArray.c",line 115,column 2,is_stmt,isa 1
     406 000000c8 9802              LDR       A1, [SP, #8]          ; [DPU_3_PIPE] |115|  ; [ORIG 16-BIT INS]
     407 000000ca 280A              CMP       A1, #10               ; [DPU_3_PIPE] |115|  ; [ORIG 16-BIT INS]
     408 000000cc D301              BCC       ||$C$L5||             ; [DPU_3_PIPE] |115|  ; [ORIG 16-BIT INS]
     409                            ; BRANCHCC OCCURS {||$C$L5||}    ; [] |115| 
     410                    ;* --------------------------------------------------------------------------*
     411                            .dwpsn  file "../Tasks/CircularArray.c",line 117,column 3,is_stmt,isa 1
     412 000000ce 200A              MOVS      A1, #10               ; [DPU_3_PIPE] |117|  ; [ORIG 16-BIT INS]
     413 000000d0 9002              STR       A1, [SP, #8]          ; [DPU_3_PIPE] |117|  ; [ORIG 16-BIT INS]
     414                    ;* --------------------------------------------------------------------------*
     415 000000d2           ||$C$L5||:    
     416                            .dwpsn  file "../Tasks/CircularArray.c",line 120,column 12,is_stmt,isa 1
     417 000000d2 4815              LDR       A1, $C$FL1            ; [DPU_3_PIPE] |120|  ; [ORIG 16-BIT INS]
     418 000000d4 9003              STR       A1, [SP, #12]         ; [DPU_3_PIPE] |120|  ; [ORIG 16-BIT INS]
     419                            .dwpsn  file "../Tasks/CircularArray.c",line 121,column 6,is_stmt,isa 1
     420 000000d6 2000              MOVS      A1, #0                ; [DPU_3_PIPE] |121|  ; [ORIG 16-BIT INS]
     421 000000d8 9001              STR       A1, [SP, #4]          ; [DPU_3_PIPE] |121|  ; [ORIG 16-BIT INS]
     422                            .dwpsn  file "../Tasks/CircularArray.c",line 121,column 13,is_stmt,isa 1
     423 000000da 9802              LDR       A1, [SP, #8]          ; [DPU_3_PIPE] |121|  ; [ORIG 16-BIT INS]
     424 000000dc 9901              LDR       A2, [SP, #4]          ; [DPU_3_PIPE] |121|  ; [ORIG 16-BIT INS]
     425 000000de 4288              CMP       A1, A2                ; [DPU_3_PIPE] |121|  ; [ORIG 16-BIT INS]
     426 000000e0 D912              BLS       ||$C$L7||             ; [DPU_3_PIPE] |121|  ; [ORIG 16-BIT INS]
     427                            ; BRANCHCC OCCURS {||$C$L7||}    ; [] |121| 
     428                    ;* --------------------------------------------------------------------------*
     429                    ;*   BEGIN LOOP ||$C$L6||
     430                    ;*
     431                    ;*   Loop source line                : 121
     432                    ;*   Loop closing brace source line  : 124
     433                    ;*   Known Minimum Trip Count        : 1
     434                    ;*   Known Maximum Trip Count        : 4294967295
     435                    ;*   Known Max Trip Count Factor     : 1
     436                    ;* --------------------------------------------------------------------------*
     437 000000e2           ||$C$L6||:    
     438                            .dwpsn  file "../Tasks/CircularArray.c",line 123,column 3,is_stmt,isa 1
     439 000000e2 9901              LDR       A2, [SP, #4]          ; [DPU_3_PIPE] |123|  ; [ORIG 16-BIT INS]
     440 000000e4 9800              LDR       A1, [SP, #0]          ; [DPU_3_PIPE] |123|  ; [ORIG 16-BIT INS]
TI ARM Assembler PC v5.2.5 Mon May 02 13:27:58 2016

Tools Copyright (c) 1996-2015 Texas Instruments Incorporated
CircularArray.asm                                                    PAGE    9

     441 000000e6 0A03ED9D          VLDR.32   S0, [SP, #12]         ; [DPU_LIN_PIPE] |123|  ; [KEEP 32-BIT INS]
     442 000000ea 0081EB00          ADD       A1, A1, A2, LSL #2    ; [DPU_3_PIPE] |123|  ; [KEEP 32-BIT INS]
     443 000000ee 0A00EDD0          VLDR.32   S1, [A1, #0]          ; [DPU_LIN_PIPE] |123|  ; [KEEP 32-BIT INS]
     444 000000f2 0A80EE30          VADD.F32  S0, S1, S0            ; [DPU_LIN_PIPE] |123|  ; [KEEP 32-BIT INS]
     445 000000f6 0A03ED8D          VSTR.32   S0, [SP, #12]         ; [DPU_LIN_PIPE] |123|  ; [KEEP 32-BIT INS]
     446                            .dwpsn  file "../Tasks/CircularArray.c",line 121,column 27,is_stmt,isa 1
     447 000000fa 9801              LDR       A1, [SP, #4]          ; [DPU_3_PIPE] |121|  ; [ORIG 16-BIT INS]
     448 000000fc 1C40              ADDS      A1, A1, #1            ; [DPU_3_PIPE] |121|  ; [ORIG 16-BIT INS]
     449 000000fe 9001              STR       A1, [SP, #4]          ; [DPU_3_PIPE] |121|  ; [ORIG 16-BIT INS]
     450                            .dwpsn  file "../Tasks/CircularArray.c",line 121,column 13,is_stmt,isa 1
     451 00000100 9802              LDR       A1, [SP, #8]          ; [DPU_3_PIPE] |121|  ; [ORIG 16-BIT INS]
     452 00000102 9901              LDR       A2, [SP, #4]          ; [DPU_3_PIPE] |121|  ; [ORIG 16-BIT INS]
     453 00000104 4288              CMP       A1, A2                ; [DPU_3_PIPE] |121|  ; [ORIG 16-BIT INS]
     454 00000106 D8EC              BHI       ||$C$L6||             ; [DPU_3_PIPE] |121|  ; [ORIG 16-BIT INS]
     455                            ; BRANCHCC OCCURS {||$C$L6||}    ; [] |121| 
     456                    ;* --------------------------------------------------------------------------*
     457 00000108           ||$C$L7||:    
     458                            .dwpsn  file "../Tasks/CircularArray.c",line 126,column 16,is_stmt,isa 1
     459 00000108 0A03EDDD          VLDR.32   S1, [SP, #12]         ; [DPU_LIN_PIPE] |126|  ; [KEEP 32-BIT INS]
     460 0000010c 9802              LDR       A1, [SP, #8]          ; [DPU_3_PIPE] |126|  ; [ORIG 16-BIT INS]
     461 0000010e 0A10EE00          VMOV      S0, A1                ; [DPU_LIN_PIPE] |126|  ; [KEEP 32-BIT INS]
     462 00000112 0A40EEB8          VCVT.F32.U32 S0, S0             ; [DPU_LIN_PIPE] |126|  ; [KEEP 32-BIT INS]
     463 00000116 0A80EE80          VDIV.F32  S0, S1, S0            ; [DPU_LIN_PIPE] |126|  ; [KEEP 32-BIT INS]
     464 0000011a 0A04ED8D          VSTR.32   S0, [SP, #16]         ; [DPU_LIN_PIPE] |126|  ; [KEEP 32-BIT INS]
     465                            .dwpsn  file "../Tasks/CircularArray.c",line 128,column 2,is_stmt,isa 1
     466 0000011e 0A04ED9D          VLDR.32   S0, [SP, #16]         ; [DPU_LIN_PIPE] |128|  ; [KEEP 32-BIT INS]
     467                            .dwpsn  file "../Tasks/CircularArray.c",line 129,column 1,is_stmt,isa 1
     468 00000122 B006              ADD       SP, SP, #24           ; [DPU_3_PIPE]  ; [ORIG 16-BIT INS]
     469                            .dwcfi  cfa_offset, 0
     470                    $C$DW$30        .dwtag  DW_TAG_TI_branch
     471                            .dwattr $C$DW$30, DW_AT_low_pc(0x00)
     472                            .dwattr $C$DW$30, DW_AT_TI_return
     473 00000124 4770              BX        LR                    ; [DPU_3_PIPE]  ; [ORIG 16-BIT INS]
     474                            ; BRANCH OCCURS                  ; [] 
     475                            .dwattr $C$DW$23, DW_AT_TI_end_file("../Tasks/CircularArray.c")
     476                            .dwattr $C$DW$23, DW_AT_TI_end_line(0x81)
     477                            .dwattr $C$DW$23, DW_AT_TI_end_column(0x01)
     478                            .dwendentry
     479                            .dwendtag $C$DW$23
     480                    
     481                    ;******************************************************************************
     482                    ;* FLOATING-POINT CONSTANTS                                                   *
     483                    ;******************************************************************************
     484 00000126                   .sect   ".text"
     485                            .align  4
     486 00000128 00000000  ||$C$FL1||:     .word   000000000h      ; 0
     487                    ;*****************************************************************************
     488                    ;* UNDEFINED EXTERNAL REFERENCES                                             *
     489                    ;*****************************************************************************
     490                            .global __aeabi_uidivmod
     491                    
     492                    ;******************************************************************************
     493                    ;* BUILD ATTRIBUTES                                                           *
     494                    ;******************************************************************************
     495                            .battr "aeabi", Tag_File, 1, Tag_ABI_PCS_wchar_t(2)
TI ARM Assembler PC v5.2.5 Mon May 02 13:27:58 2016

Tools Copyright (c) 1996-2015 Texas Instruments Incorporated
CircularArray.asm                                                    PAGE   10

     496                            .battr "aeabi", Tag_File, 1, Tag_ABI_FP_rounding(0)
     497                            .battr "aeabi", Tag_File, 1, Tag_ABI_FP_denormal(0)
     498                            .battr "aeabi", Tag_File, 1, Tag_ABI_FP_exceptions(0)
     499                            .battr "aeabi", Tag_File, 1, Tag_ABI_FP_number_model(1)
     500                            .battr "aeabi", Tag_File, 1, Tag_ABI_enum_size(0)
     501                            .battr "aeabi", Tag_File, 1, Tag_ABI_optimization_goals(5)
     502                            .battr "aeabi", Tag_File, 1, Tag_ABI_FP_optimization_goals(0)
     503                            .battr "TI", Tag_File, 1, Tag_Bitfield_layout(2)
     504                            .battr "TI", Tag_File, 1, Tag_FP_interface(0)
     505                    
     506                    ;******************************************************************************
     507                    ;* TYPE INFORMATION                                                           *
     508                    ;******************************************************************************
     509                    
     510                    $C$DW$T$21      .dwtag  DW_TAG_structure_type
     511                            .dwattr $C$DW$T$21, DW_AT_name("Circular_Array")
     512                            .dwattr $C$DW$T$21, DW_AT_byte_size(0x2c)
     513                    $C$DW$31        .dwtag  DW_TAG_member
     514                            .dwattr $C$DW$31, DW_AT_type(*$C$DW$T$19)
     515                            .dwattr $C$DW$31, DW_AT_name("array")
     516                            .dwattr $C$DW$31, DW_AT_TI_symbol_name("array")
     517                            .dwattr $C$DW$31, DW_AT_data_member_location[DW_OP_plus_uconst 0x0]
     518                            .dwattr $C$DW$31, DW_AT_accessibility(DW_ACCESS_public)
     519                            .dwattr $C$DW$31, DW_AT_decl_file("C:/Users/trilu/workspace_eecs/FreeRTOS823_3_TM4C1294_Base_T
     520                            .dwattr $C$DW$31, DW_AT_decl_line(0x1d)
     521                            .dwattr $C$DW$31, DW_AT_decl_column(0x08)
     522                    $C$DW$32        .dwtag  DW_TAG_member
     523                            .dwattr $C$DW$32, DW_AT_type(*$C$DW$T$20)
     524                            .dwattr $C$DW$32, DW_AT_name("index")
     525                            .dwattr $C$DW$32, DW_AT_TI_symbol_name("index")
     526                            .dwattr $C$DW$32, DW_AT_data_member_location[DW_OP_plus_uconst 0x28]
     527                            .dwattr $C$DW$32, DW_AT_accessibility(DW_ACCESS_public)
     528                            .dwattr $C$DW$32, DW_AT_decl_file("C:/Users/trilu/workspace_eecs/FreeRTOS823_3_TM4C1294_Base_T
     529                            .dwattr $C$DW$32, DW_AT_decl_line(0x1e)
     530                            .dwattr $C$DW$32, DW_AT_decl_column(0x0b)
     531                            .dwendtag $C$DW$T$21
     532                    
     533                            .dwattr $C$DW$T$21, DW_AT_decl_file("C:/Users/trilu/workspace_eecs/FreeRTOS823_3_TM4C1294_Base
     534                            .dwattr $C$DW$T$21, DW_AT_decl_line(0x1b)
     535                            .dwattr $C$DW$T$21, DW_AT_decl_column(0x10)
     536                    $C$DW$T$23      .dwtag  DW_TAG_typedef, DW_AT_name("Circular_Array")
     537                            .dwattr $C$DW$T$23, DW_AT_type(*$C$DW$T$21)
     538                            .dwattr $C$DW$T$23, DW_AT_language(DW_LANG_C)
     539                            .dwattr $C$DW$T$23, DW_AT_decl_file("C:/Users/trilu/workspace_eecs/FreeRTOS823_3_TM4C1294_Base
     540                            .dwattr $C$DW$T$23, DW_AT_decl_line(0x1f)
     541                            .dwattr $C$DW$T$23, DW_AT_decl_column(0x03)
     542                    $C$DW$T$24      .dwtag  DW_TAG_pointer_type
     543                            .dwattr $C$DW$T$24, DW_AT_type(*$C$DW$T$23)
     544                            .dwattr $C$DW$T$24, DW_AT_address_class(0x20)
     545                    $C$DW$T$2       .dwtag  DW_TAG_unspecified_type
     546                            .dwattr $C$DW$T$2, DW_AT_name("void")
     547                    $C$DW$T$3       .dwtag  DW_TAG_pointer_type
     548                            .dwattr $C$DW$T$3, DW_AT_type(*$C$DW$T$2)
     549                            .dwattr $C$DW$T$3, DW_AT_address_class(0x20)
     550                    $C$DW$T$4       .dwtag  DW_TAG_base_type
TI ARM Assembler PC v5.2.5 Mon May 02 13:27:58 2016

Tools Copyright (c) 1996-2015 Texas Instruments Incorporated
CircularArray.asm                                                    PAGE   11

     551                            .dwattr $C$DW$T$4, DW_AT_encoding(DW_ATE_boolean)
     552                            .dwattr $C$DW$T$4, DW_AT_name("bool")
     553                            .dwattr $C$DW$T$4, DW_AT_byte_size(0x01)
     554                    $C$DW$T$5       .dwtag  DW_TAG_base_type
     555                            .dwattr $C$DW$T$5, DW_AT_encoding(DW_ATE_signed_char)
     556                            .dwattr $C$DW$T$5, DW_AT_name("signed char")
     557                            .dwattr $C$DW$T$5, DW_AT_byte_size(0x01)
     558                    $C$DW$T$26      .dwtag  DW_TAG_typedef, DW_AT_name("int8_t")
     559                            .dwattr $C$DW$T$26, DW_AT_type(*$C$DW$T$5)
     560                            .dwattr $C$DW$T$26, DW_AT_language(DW_LANG_C)
     561                            .dwattr $C$DW$T$26, DW_AT_decl_file("C:/ti/ccsv6/tools/compiler/ti-cgt-arm_5.2.5/include/stdin
     562                            .dwattr $C$DW$T$26, DW_AT_decl_line(0x2a)
     563                            .dwattr $C$DW$T$26, DW_AT_decl_column(0x1d)
     564                    $C$DW$T$27      .dwtag  DW_TAG_typedef, DW_AT_name("int_least8_t")
     565                            .dwattr $C$DW$T$27, DW_AT_type(*$C$DW$T$26)
     566                            .dwattr $C$DW$T$27, DW_AT_language(DW_LANG_C)
     567                            .dwattr $C$DW$T$27, DW_AT_decl_file("C:/ti/ccsv6/tools/compiler/ti-cgt-arm_5.2.5/include/stdin
     568                            .dwattr $C$DW$T$27, DW_AT_decl_line(0x37)
     569                            .dwattr $C$DW$T$27, DW_AT_decl_column(0x17)
     570                    $C$DW$T$6       .dwtag  DW_TAG_base_type
     571                            .dwattr $C$DW$T$6, DW_AT_encoding(DW_ATE_unsigned_char)
     572                            .dwattr $C$DW$T$6, DW_AT_name("unsigned char")
     573                            .dwattr $C$DW$T$6, DW_AT_byte_size(0x01)
     574                    $C$DW$T$28      .dwtag  DW_TAG_typedef, DW_AT_name("uint8_t")
     575                            .dwattr $C$DW$T$28, DW_AT_type(*$C$DW$T$6)
     576                            .dwattr $C$DW$T$28, DW_AT_language(DW_LANG_C)
     577                            .dwattr $C$DW$T$28, DW_AT_decl_file("C:/ti/ccsv6/tools/compiler/ti-cgt-arm_5.2.5/include/stdin
     578                            .dwattr $C$DW$T$28, DW_AT_decl_line(0x2b)
     579                            .dwattr $C$DW$T$28, DW_AT_decl_column(0x1c)
     580                    $C$DW$T$29      .dwtag  DW_TAG_typedef, DW_AT_name("uint_least8_t")
     581                            .dwattr $C$DW$T$29, DW_AT_type(*$C$DW$T$28)
     582                            .dwattr $C$DW$T$29, DW_AT_language(DW_LANG_C)
     583                            .dwattr $C$DW$T$29, DW_AT_decl_file("C:/ti/ccsv6/tools/compiler/ti-cgt-arm_5.2.5/include/stdin
     584                            .dwattr $C$DW$T$29, DW_AT_decl_line(0x38)
     585                            .dwattr $C$DW$T$29, DW_AT_decl_column(0x16)
     586                    $C$DW$T$7       .dwtag  DW_TAG_base_type
     587                            .dwattr $C$DW$T$7, DW_AT_encoding(DW_ATE_signed_char)
     588                            .dwattr $C$DW$T$7, DW_AT_name("wchar_t")
     589                            .dwattr $C$DW$T$7, DW_AT_byte_size(0x02)
     590                    $C$DW$T$8       .dwtag  DW_TAG_base_type
     591                            .dwattr $C$DW$T$8, DW_AT_encoding(DW_ATE_signed)
     592                            .dwattr $C$DW$T$8, DW_AT_name("short")
     593                            .dwattr $C$DW$T$8, DW_AT_byte_size(0x02)
     594                    $C$DW$T$30      .dwtag  DW_TAG_typedef, DW_AT_name("int16_t")
     595                            .dwattr $C$DW$T$30, DW_AT_type(*$C$DW$T$8)
     596                            .dwattr $C$DW$T$30, DW_AT_language(DW_LANG_C)
     597                            .dwattr $C$DW$T$30, DW_AT_decl_file("C:/ti/ccsv6/tools/compiler/ti-cgt-arm_5.2.5/include/stdin
     598                            .dwattr $C$DW$T$30, DW_AT_decl_line(0x2c)
     599                            .dwattr $C$DW$T$30, DW_AT_decl_column(0x1d)
     600                    $C$DW$T$31      .dwtag  DW_TAG_typedef, DW_AT_name("int_least16_t")
     601                            .dwattr $C$DW$T$31, DW_AT_type(*$C$DW$T$30)
     602                            .dwattr $C$DW$T$31, DW_AT_language(DW_LANG_C)
     603                            .dwattr $C$DW$T$31, DW_AT_decl_file("C:/ti/ccsv6/tools/compiler/ti-cgt-arm_5.2.5/include/stdin
     604                            .dwattr $C$DW$T$31, DW_AT_decl_line(0x3a)
     605                            .dwattr $C$DW$T$31, DW_AT_decl_column(0x17)
TI ARM Assembler PC v5.2.5 Mon May 02 13:27:58 2016

Tools Copyright (c) 1996-2015 Texas Instruments Incorporated
CircularArray.asm                                                    PAGE   12

     606                    $C$DW$T$9       .dwtag  DW_TAG_base_type
     607                            .dwattr $C$DW$T$9, DW_AT_encoding(DW_ATE_unsigned)
     608                            .dwattr $C$DW$T$9, DW_AT_name("unsigned short")
     609                            .dwattr $C$DW$T$9, DW_AT_byte_size(0x02)
     610                    $C$DW$T$32      .dwtag  DW_TAG_typedef, DW_AT_name("_Wchart")
     611                            .dwattr $C$DW$T$32, DW_AT_type(*$C$DW$T$9)
     612                            .dwattr $C$DW$T$32, DW_AT_language(DW_LANG_C)
     613                            .dwattr $C$DW$T$32, DW_AT_decl_file("C:/ti/ccsv6/tools/compiler/ti-cgt-arm_5.2.5/include/yvals
     614                            .dwattr $C$DW$T$32, DW_AT_decl_line(0x1e5)
     615                            .dwattr $C$DW$T$32, DW_AT_decl_column(0x21)
     616                    $C$DW$T$33      .dwtag  DW_TAG_typedef, DW_AT_name("_Wintt")
     617                            .dwattr $C$DW$T$33, DW_AT_type(*$C$DW$T$9)
     618                            .dwattr $C$DW$T$33, DW_AT_language(DW_LANG_C)
     619                            .dwattr $C$DW$T$33, DW_AT_decl_file("C:/ti/ccsv6/tools/compiler/ti-cgt-arm_5.2.5/include/yvals
     620                            .dwattr $C$DW$T$33, DW_AT_decl_line(0x1e6)
     621                            .dwattr $C$DW$T$33, DW_AT_decl_column(0x21)
     622                    $C$DW$T$34      .dwtag  DW_TAG_typedef, DW_AT_name("uint16_t")
     623                            .dwattr $C$DW$T$34, DW_AT_type(*$C$DW$T$9)
     624                            .dwattr $C$DW$T$34, DW_AT_language(DW_LANG_C)
     625                            .dwattr $C$DW$T$34, DW_AT_decl_file("C:/ti/ccsv6/tools/compiler/ti-cgt-arm_5.2.5/include/stdin
     626                            .dwattr $C$DW$T$34, DW_AT_decl_line(0x2d)
     627                            .dwattr $C$DW$T$34, DW_AT_decl_column(0x1c)
     628                    $C$DW$T$35      .dwtag  DW_TAG_typedef, DW_AT_name("uint_least16_t")
     629                            .dwattr $C$DW$T$35, DW_AT_type(*$C$DW$T$34)
     630                            .dwattr $C$DW$T$35, DW_AT_language(DW_LANG_C)
     631                            .dwattr $C$DW$T$35, DW_AT_decl_file("C:/ti/ccsv6/tools/compiler/ti-cgt-arm_5.2.5/include/stdin
     632                            .dwattr $C$DW$T$35, DW_AT_decl_line(0x3b)
     633                            .dwattr $C$DW$T$35, DW_AT_decl_column(0x16)
     634                    $C$DW$T$36      .dwtag  DW_TAG_typedef, DW_AT_name("wchar_t")
     635                            .dwattr $C$DW$T$36, DW_AT_type(*$C$DW$T$9)
     636                            .dwattr $C$DW$T$36, DW_AT_language(DW_LANG_C)
     637                            .dwattr $C$DW$T$36, DW_AT_decl_file("C:/ti/ccsv6/tools/compiler/ti-cgt-arm_5.2.5/include/stdde
     638                            .dwattr $C$DW$T$36, DW_AT_decl_line(0x41)
     639                            .dwattr $C$DW$T$36, DW_AT_decl_column(0x1a)
     640                    $C$DW$T$10      .dwtag  DW_TAG_base_type
     641                            .dwattr $C$DW$T$10, DW_AT_encoding(DW_ATE_signed)
     642                            .dwattr $C$DW$T$10, DW_AT_name("int")
     643                            .dwattr $C$DW$T$10, DW_AT_byte_size(0x04)
     644                    $C$DW$T$37      .dwtag  DW_TAG_typedef, DW_AT_name("_Ptrdifft")
     645                            .dwattr $C$DW$T$37, DW_AT_type(*$C$DW$T$10)
     646                            .dwattr $C$DW$T$37, DW_AT_language(DW_LANG_C)
     647                            .dwattr $C$DW$T$37, DW_AT_decl_file("C:/ti/ccsv6/tools/compiler/ti-cgt-arm_5.2.5/include/yvals
     648                            .dwattr $C$DW$T$37, DW_AT_decl_line(0xa9)
     649                            .dwattr $C$DW$T$37, DW_AT_decl_column(0x1e)
     650                    $C$DW$T$38      .dwtag  DW_TAG_typedef, DW_AT_name("int32_t")
     651                            .dwattr $C$DW$T$38, DW_AT_type(*$C$DW$T$10)
     652                            .dwattr $C$DW$T$38, DW_AT_language(DW_LANG_C)
     653                            .dwattr $C$DW$T$38, DW_AT_decl_file("C:/ti/ccsv6/tools/compiler/ti-cgt-arm_5.2.5/include/stdin
     654                            .dwattr $C$DW$T$38, DW_AT_decl_line(0x2e)
     655                            .dwattr $C$DW$T$38, DW_AT_decl_column(0x1d)
     656                    $C$DW$T$39      .dwtag  DW_TAG_typedef, DW_AT_name("int_fast16_t")
     657                            .dwattr $C$DW$T$39, DW_AT_type(*$C$DW$T$38)
     658                            .dwattr $C$DW$T$39, DW_AT_language(DW_LANG_C)
     659                            .dwattr $C$DW$T$39, DW_AT_decl_file("C:/ti/ccsv6/tools/compiler/ti-cgt-arm_5.2.5/include/stdin
     660                            .dwattr $C$DW$T$39, DW_AT_decl_line(0x47)
TI ARM Assembler PC v5.2.5 Mon May 02 13:27:58 2016

Tools Copyright (c) 1996-2015 Texas Instruments Incorporated
CircularArray.asm                                                    PAGE   13

     661                            .dwattr $C$DW$T$39, DW_AT_decl_column(0x17)
     662                    $C$DW$T$40      .dwtag  DW_TAG_typedef, DW_AT_name("int_fast32_t")
     663                            .dwattr $C$DW$T$40, DW_AT_type(*$C$DW$T$38)
     664                            .dwattr $C$DW$T$40, DW_AT_language(DW_LANG_C)
     665                            .dwattr $C$DW$T$40, DW_AT_decl_file("C:/ti/ccsv6/tools/compiler/ti-cgt-arm_5.2.5/include/stdin
     666                            .dwattr $C$DW$T$40, DW_AT_decl_line(0x4a)
     667                            .dwattr $C$DW$T$40, DW_AT_decl_column(0x17)
     668                    $C$DW$T$41      .dwtag  DW_TAG_typedef, DW_AT_name("int_fast8_t")
     669                            .dwattr $C$DW$T$41, DW_AT_type(*$C$DW$T$38)
     670                            .dwattr $C$DW$T$41, DW_AT_language(DW_LANG_C)
     671                            .dwattr $C$DW$T$41, DW_AT_decl_file("C:/ti/ccsv6/tools/compiler/ti-cgt-arm_5.2.5/include/stdin
     672                            .dwattr $C$DW$T$41, DW_AT_decl_line(0x45)
     673                            .dwattr $C$DW$T$41, DW_AT_decl_column(0x17)
     674                    $C$DW$T$42      .dwtag  DW_TAG_typedef, DW_AT_name("int_least32_t")
     675                            .dwattr $C$DW$T$42, DW_AT_type(*$C$DW$T$38)
     676                            .dwattr $C$DW$T$42, DW_AT_language(DW_LANG_C)
     677                            .dwattr $C$DW$T$42, DW_AT_decl_file("C:/ti/ccsv6/tools/compiler/ti-cgt-arm_5.2.5/include/stdin
     678                            .dwattr $C$DW$T$42, DW_AT_decl_line(0x3c)
     679                            .dwattr $C$DW$T$42, DW_AT_decl_column(0x17)
     680                    $C$DW$T$43      .dwtag  DW_TAG_typedef, DW_AT_name("intptr_t")
     681                            .dwattr $C$DW$T$43, DW_AT_type(*$C$DW$T$10)
     682                            .dwattr $C$DW$T$43, DW_AT_language(DW_LANG_C)
     683                            .dwattr $C$DW$T$43, DW_AT_decl_file("C:/ti/ccsv6/tools/compiler/ti-cgt-arm_5.2.5/include/stdin
     684                            .dwattr $C$DW$T$43, DW_AT_decl_line(0x52)
     685                            .dwattr $C$DW$T$43, DW_AT_decl_column(0x1a)
     686                    $C$DW$T$44      .dwtag  DW_TAG_typedef, DW_AT_name("ptrdiff_t")
     687                            .dwattr $C$DW$T$44, DW_AT_type(*$C$DW$T$10)
     688                            .dwattr $C$DW$T$44, DW_AT_language(DW_LANG_C)
     689                            .dwattr $C$DW$T$44, DW_AT_decl_file("C:/ti/ccsv6/tools/compiler/ti-cgt-arm_5.2.5/include/stdde
     690                            .dwattr $C$DW$T$44, DW_AT_decl_line(0x36)
     691                            .dwattr $C$DW$T$44, DW_AT_decl_column(0x1c)
     692                    $C$DW$T$11      .dwtag  DW_TAG_base_type
     693                            .dwattr $C$DW$T$11, DW_AT_encoding(DW_ATE_unsigned)
     694                            .dwattr $C$DW$T$11, DW_AT_name("unsigned int")
     695                            .dwattr $C$DW$T$11, DW_AT_byte_size(0x04)
     696                    $C$DW$T$45      .dwtag  DW_TAG_typedef, DW_AT_name("_Sizet")
     697                            .dwattr $C$DW$T$45, DW_AT_type(*$C$DW$T$11)
     698                            .dwattr $C$DW$T$45, DW_AT_language(DW_LANG_C)
     699                            .dwattr $C$DW$T$45, DW_AT_decl_file("C:/ti/ccsv6/tools/compiler/ti-cgt-arm_5.2.5/include/yvals
     700                            .dwattr $C$DW$T$45, DW_AT_decl_line(0xab)
     701                            .dwattr $C$DW$T$45, DW_AT_decl_column(0x1a)
     702                    $C$DW$T$46      .dwtag  DW_TAG_typedef, DW_AT_name("size_t")
     703                            .dwattr $C$DW$T$46, DW_AT_type(*$C$DW$T$11)
     704                            .dwattr $C$DW$T$46, DW_AT_language(DW_LANG_C)
     705                            .dwattr $C$DW$T$46, DW_AT_decl_file("C:/ti/ccsv6/tools/compiler/ti-cgt-arm_5.2.5/include/stdde
     706                            .dwattr $C$DW$T$46, DW_AT_decl_line(0x3a)
     707                            .dwattr $C$DW$T$46, DW_AT_decl_column(0x19)
     708                    $C$DW$T$20      .dwtag  DW_TAG_typedef, DW_AT_name("uint32_t")
     709                            .dwattr $C$DW$T$20, DW_AT_type(*$C$DW$T$11)
     710                            .dwattr $C$DW$T$20, DW_AT_language(DW_LANG_C)
     711                            .dwattr $C$DW$T$20, DW_AT_decl_file("C:/ti/ccsv6/tools/compiler/ti-cgt-arm_5.2.5/include/stdin
     712                            .dwattr $C$DW$T$20, DW_AT_decl_line(0x2f)
     713                            .dwattr $C$DW$T$20, DW_AT_decl_column(0x1c)
     714                    $C$DW$T$47      .dwtag  DW_TAG_typedef, DW_AT_name("uint_fast16_t")
     715                            .dwattr $C$DW$T$47, DW_AT_type(*$C$DW$T$20)
TI ARM Assembler PC v5.2.5 Mon May 02 13:27:58 2016

Tools Copyright (c) 1996-2015 Texas Instruments Incorporated
CircularArray.asm                                                    PAGE   14

     716                            .dwattr $C$DW$T$47, DW_AT_language(DW_LANG_C)
     717                            .dwattr $C$DW$T$47, DW_AT_decl_file("C:/ti/ccsv6/tools/compiler/ti-cgt-arm_5.2.5/include/stdin
     718                            .dwattr $C$DW$T$47, DW_AT_decl_line(0x48)
     719                            .dwattr $C$DW$T$47, DW_AT_decl_column(0x16)
     720                    $C$DW$T$48      .dwtag  DW_TAG_typedef, DW_AT_name("uint_fast32_t")
     721                            .dwattr $C$DW$T$48, DW_AT_type(*$C$DW$T$20)
     722                            .dwattr $C$DW$T$48, DW_AT_language(DW_LANG_C)
     723                            .dwattr $C$DW$T$48, DW_AT_decl_file("C:/ti/ccsv6/tools/compiler/ti-cgt-arm_5.2.5/include/stdin
     724                            .dwattr $C$DW$T$48, DW_AT_decl_line(0x4b)
     725                            .dwattr $C$DW$T$48, DW_AT_decl_column(0x16)
     726                    $C$DW$T$49      .dwtag  DW_TAG_typedef, DW_AT_name("uint_fast8_t")
     727                            .dwattr $C$DW$T$49, DW_AT_type(*$C$DW$T$20)
     728                            .dwattr $C$DW$T$49, DW_AT_language(DW_LANG_C)
     729                            .dwattr $C$DW$T$49, DW_AT_decl_file("C:/ti/ccsv6/tools/compiler/ti-cgt-arm_5.2.5/include/stdin
     730                            .dwattr $C$DW$T$49, DW_AT_decl_line(0x46)
     731                            .dwattr $C$DW$T$49, DW_AT_decl_column(0x16)
     732                    $C$DW$T$50      .dwtag  DW_TAG_typedef, DW_AT_name("uint_least32_t")
     733                            .dwattr $C$DW$T$50, DW_AT_type(*$C$DW$T$20)
     734                            .dwattr $C$DW$T$50, DW_AT_language(DW_LANG_C)
     735                            .dwattr $C$DW$T$50, DW_AT_decl_file("C:/ti/ccsv6/tools/compiler/ti-cgt-arm_5.2.5/include/stdin
     736                            .dwattr $C$DW$T$50, DW_AT_decl_line(0x3d)
     737                            .dwattr $C$DW$T$50, DW_AT_decl_column(0x16)
     738                    $C$DW$T$51      .dwtag  DW_TAG_typedef, DW_AT_name("uintptr_t")
     739                            .dwattr $C$DW$T$51, DW_AT_type(*$C$DW$T$11)
     740                            .dwattr $C$DW$T$51, DW_AT_language(DW_LANG_C)
     741                            .dwattr $C$DW$T$51, DW_AT_decl_file("C:/ti/ccsv6/tools/compiler/ti-cgt-arm_5.2.5/include/stdin
     742                            .dwattr $C$DW$T$51, DW_AT_decl_line(0x53)
     743                            .dwattr $C$DW$T$51, DW_AT_decl_column(0x1a)
     744                    $C$DW$T$12      .dwtag  DW_TAG_base_type
     745                            .dwattr $C$DW$T$12, DW_AT_encoding(DW_ATE_signed)
     746                            .dwattr $C$DW$T$12, DW_AT_name("long")
     747                            .dwattr $C$DW$T$12, DW_AT_byte_size(0x04)
     748                    $C$DW$T$52      .dwtag  DW_TAG_typedef, DW_AT_name("_Int32t")
     749                            .dwattr $C$DW$T$52, DW_AT_type(*$C$DW$T$12)
     750                            .dwattr $C$DW$T$52, DW_AT_language(DW_LANG_C)
     751                            .dwattr $C$DW$T$52, DW_AT_decl_file("C:/ti/ccsv6/tools/compiler/ti-cgt-arm_5.2.5/include/yvals
     752                            .dwattr $C$DW$T$52, DW_AT_decl_line(0xa6)
     753                            .dwattr $C$DW$T$52, DW_AT_decl_column(0x0e)
     754                    $C$DW$T$13      .dwtag  DW_TAG_base_type
     755                            .dwattr $C$DW$T$13, DW_AT_encoding(DW_ATE_unsigned)
     756                            .dwattr $C$DW$T$13, DW_AT_name("unsigned long")
     757                            .dwattr $C$DW$T$13, DW_AT_byte_size(0x04)
     758                    $C$DW$T$53      .dwtag  DW_TAG_typedef, DW_AT_name("_Uint32t")
     759                            .dwattr $C$DW$T$53, DW_AT_type(*$C$DW$T$13)
     760                            .dwattr $C$DW$T$53, DW_AT_language(DW_LANG_C)
     761                            .dwattr $C$DW$T$53, DW_AT_decl_file("C:/ti/ccsv6/tools/compiler/ti-cgt-arm_5.2.5/include/yvals
     762                            .dwattr $C$DW$T$53, DW_AT_decl_line(0xa7)
     763                            .dwattr $C$DW$T$53, DW_AT_decl_column(0x17)
     764                    $C$DW$T$14      .dwtag  DW_TAG_base_type
     765                            .dwattr $C$DW$T$14, DW_AT_encoding(DW_ATE_signed)
     766                            .dwattr $C$DW$T$14, DW_AT_name("long long")
     767                            .dwattr $C$DW$T$14, DW_AT_byte_size(0x08)
     768                    $C$DW$T$54      .dwtag  DW_TAG_typedef, DW_AT_name("_Longlong")
     769                            .dwattr $C$DW$T$54, DW_AT_type(*$C$DW$T$14)
     770                            .dwattr $C$DW$T$54, DW_AT_language(DW_LANG_C)
TI ARM Assembler PC v5.2.5 Mon May 02 13:27:58 2016

Tools Copyright (c) 1996-2015 Texas Instruments Incorporated
CircularArray.asm                                                    PAGE   15

     771                            .dwattr $C$DW$T$54, DW_AT_decl_file("C:/ti/ccsv6/tools/compiler/ti-cgt-arm_5.2.5/include/yvals
     772                            .dwattr $C$DW$T$54, DW_AT_decl_line(0x1b5)
     773                            .dwattr $C$DW$T$54, DW_AT_decl_column(0x13)
     774                    $C$DW$T$55      .dwtag  DW_TAG_typedef, DW_AT_name("int64_t")
     775                            .dwattr $C$DW$T$55, DW_AT_type(*$C$DW$T$14)
     776                            .dwattr $C$DW$T$55, DW_AT_language(DW_LANG_C)
     777                            .dwattr $C$DW$T$55, DW_AT_decl_file("C:/ti/ccsv6/tools/compiler/ti-cgt-arm_5.2.5/include/stdin
     778                            .dwattr $C$DW$T$55, DW_AT_decl_line(0x32)
     779                            .dwattr $C$DW$T$55, DW_AT_decl_column(0x21)
     780                    $C$DW$T$56      .dwtag  DW_TAG_typedef, DW_AT_name("int_fast64_t")
     781                            .dwattr $C$DW$T$56, DW_AT_type(*$C$DW$T$55)
     782                            .dwattr $C$DW$T$56, DW_AT_language(DW_LANG_C)
     783                            .dwattr $C$DW$T$56, DW_AT_decl_file("C:/ti/ccsv6/tools/compiler/ti-cgt-arm_5.2.5/include/stdin
     784                            .dwattr $C$DW$T$56, DW_AT_decl_line(0x4e)
     785                            .dwattr $C$DW$T$56, DW_AT_decl_column(0x17)
     786                    $C$DW$T$57      .dwtag  DW_TAG_typedef, DW_AT_name("int_least64_t")
     787                            .dwattr $C$DW$T$57, DW_AT_type(*$C$DW$T$55)
     788                            .dwattr $C$DW$T$57, DW_AT_language(DW_LANG_C)
     789                            .dwattr $C$DW$T$57, DW_AT_decl_file("C:/ti/ccsv6/tools/compiler/ti-cgt-arm_5.2.5/include/stdin
     790                            .dwattr $C$DW$T$57, DW_AT_decl_line(0x40)
     791                            .dwattr $C$DW$T$57, DW_AT_decl_column(0x17)
     792                    $C$DW$T$58      .dwtag  DW_TAG_typedef, DW_AT_name("intmax_t")
     793                            .dwattr $C$DW$T$58, DW_AT_type(*$C$DW$T$14)
     794                            .dwattr $C$DW$T$58, DW_AT_language(DW_LANG_C)
     795                            .dwattr $C$DW$T$58, DW_AT_decl_file("C:/ti/ccsv6/tools/compiler/ti-cgt-arm_5.2.5/include/stdin
     796                            .dwattr $C$DW$T$58, DW_AT_decl_line(0x56)
     797                            .dwattr $C$DW$T$58, DW_AT_decl_column(0x20)
     798                    $C$DW$T$15      .dwtag  DW_TAG_base_type
     799                            .dwattr $C$DW$T$15, DW_AT_encoding(DW_ATE_unsigned)
     800                            .dwattr $C$DW$T$15, DW_AT_name("unsigned long long")
     801                            .dwattr $C$DW$T$15, DW_AT_byte_size(0x08)
     802                    $C$DW$T$59      .dwtag  DW_TAG_typedef, DW_AT_name("_ULonglong")
     803                            .dwattr $C$DW$T$59, DW_AT_type(*$C$DW$T$15)
     804                            .dwattr $C$DW$T$59, DW_AT_language(DW_LANG_C)
     805                            .dwattr $C$DW$T$59, DW_AT_decl_file("C:/ti/ccsv6/tools/compiler/ti-cgt-arm_5.2.5/include/yvals
     806                            .dwattr $C$DW$T$59, DW_AT_decl_line(0x1b6)
     807                            .dwattr $C$DW$T$59, DW_AT_decl_column(0x14)
     808                    $C$DW$T$60      .dwtag  DW_TAG_typedef, DW_AT_name("uint64_t")
     809                            .dwattr $C$DW$T$60, DW_AT_type(*$C$DW$T$15)
     810                            .dwattr $C$DW$T$60, DW_AT_language(DW_LANG_C)
     811                            .dwattr $C$DW$T$60, DW_AT_decl_file("C:/ti/ccsv6/tools/compiler/ti-cgt-arm_5.2.5/include/stdin
     812                            .dwattr $C$DW$T$60, DW_AT_decl_line(0x33)
     813                            .dwattr $C$DW$T$60, DW_AT_decl_column(0x20)
     814                    $C$DW$T$61      .dwtag  DW_TAG_typedef, DW_AT_name("uint_fast64_t")
     815                            .dwattr $C$DW$T$61, DW_AT_type(*$C$DW$T$60)
     816                            .dwattr $C$DW$T$61, DW_AT_language(DW_LANG_C)
     817                            .dwattr $C$DW$T$61, DW_AT_decl_file("C:/ti/ccsv6/tools/compiler/ti-cgt-arm_5.2.5/include/stdin
     818                            .dwattr $C$DW$T$61, DW_AT_decl_line(0x4f)
     819                            .dwattr $C$DW$T$61, DW_AT_decl_column(0x16)
     820                    $C$DW$T$62      .dwtag  DW_TAG_typedef, DW_AT_name("uint_least64_t")
     821                            .dwattr $C$DW$T$62, DW_AT_type(*$C$DW$T$60)
     822                            .dwattr $C$DW$T$62, DW_AT_language(DW_LANG_C)
     823                            .dwattr $C$DW$T$62, DW_AT_decl_file("C:/ti/ccsv6/tools/compiler/ti-cgt-arm_5.2.5/include/stdin
     824                            .dwattr $C$DW$T$62, DW_AT_decl_line(0x41)
     825                            .dwattr $C$DW$T$62, DW_AT_decl_column(0x16)
TI ARM Assembler PC v5.2.5 Mon May 02 13:27:58 2016

Tools Copyright (c) 1996-2015 Texas Instruments Incorporated
CircularArray.asm                                                    PAGE   16

     826                    $C$DW$T$63      .dwtag  DW_TAG_typedef, DW_AT_name("uintmax_t")
     827                            .dwattr $C$DW$T$63, DW_AT_type(*$C$DW$T$15)
     828                            .dwattr $C$DW$T$63, DW_AT_language(DW_LANG_C)
     829                            .dwattr $C$DW$T$63, DW_AT_decl_file("C:/ti/ccsv6/tools/compiler/ti-cgt-arm_5.2.5/include/stdin
     830                            .dwattr $C$DW$T$63, DW_AT_decl_line(0x57)
     831                            .dwattr $C$DW$T$63, DW_AT_decl_column(0x20)
     832                    $C$DW$T$16      .dwtag  DW_TAG_base_type
     833                            .dwattr $C$DW$T$16, DW_AT_encoding(DW_ATE_float)
     834                            .dwattr $C$DW$T$16, DW_AT_name("float")
     835                            .dwattr $C$DW$T$16, DW_AT_byte_size(0x04)
     836                    
     837                    $C$DW$T$19      .dwtag  DW_TAG_array_type
     838                            .dwattr $C$DW$T$19, DW_AT_type(*$C$DW$T$16)
     839                            .dwattr $C$DW$T$19, DW_AT_language(DW_LANG_C)
     840                            .dwattr $C$DW$T$19, DW_AT_byte_size(0x28)
     841                    $C$DW$33        .dwtag  DW_TAG_subrange_type
     842                            .dwattr $C$DW$33, DW_AT_upper_bound(0x09)
     843                            .dwendtag $C$DW$T$19
     844                    
     845                    $C$DW$T$17      .dwtag  DW_TAG_base_type
     846                            .dwattr $C$DW$T$17, DW_AT_encoding(DW_ATE_float)
     847                            .dwattr $C$DW$T$17, DW_AT_name("double")
     848                            .dwattr $C$DW$T$17, DW_AT_byte_size(0x08)
     849                    $C$DW$T$18      .dwtag  DW_TAG_base_type
     850                            .dwattr $C$DW$T$18, DW_AT_encoding(DW_ATE_float)
     851                            .dwattr $C$DW$T$18, DW_AT_name("long double")
     852                            .dwattr $C$DW$T$18, DW_AT_byte_size(0x08)
     853                    $C$DW$T$68      .dwtag  DW_TAG_typedef, DW_AT_name("_Sysch_t")
     854                            .dwattr $C$DW$T$68, DW_AT_type(*$C$DW$T$6)
     855                            .dwattr $C$DW$T$68, DW_AT_language(DW_LANG_C)
     856                            .dwattr $C$DW$T$68, DW_AT_decl_file("C:/ti/ccsv6/tools/compiler/ti-cgt-arm_5.2.5/include/yvals
     857                            .dwattr $C$DW$T$68, DW_AT_decl_line(0x218)
     858                            .dwattr $C$DW$T$68, DW_AT_decl_column(0x0e)
     859                    $C$DW$T$69      .dwtag  DW_TAG_pointer_type
     860                            .dwattr $C$DW$T$69, DW_AT_type(*$C$DW$T$6)
     861                            .dwattr $C$DW$T$69, DW_AT_address_class(0x20)
     862                    $C$DW$T$70      .dwtag  DW_TAG_typedef, DW_AT_name("__builtin_va_list")
     863                            .dwattr $C$DW$T$70, DW_AT_type(*$C$DW$T$69)
     864                            .dwattr $C$DW$T$70, DW_AT_language(DW_LANG_C)
     865                            .dwattr $C$DW$T$70, DW_AT_decl_file("../Tasks/CircularArray.c")
     866                            .dwattr $C$DW$T$70, DW_AT_decl_line(0x81)
     867                            .dwattr $C$DW$T$70, DW_AT_decl_column(0x01)
     868                    
     869                    $C$DW$T$22      .dwtag  DW_TAG_structure_type
     870                            .dwattr $C$DW$T$22, DW_AT_name("__va_list")
     871                            .dwattr $C$DW$T$22, DW_AT_byte_size(0x04)
     872                    $C$DW$34        .dwtag  DW_TAG_member
     873                            .dwattr $C$DW$34, DW_AT_type(*$C$DW$T$3)
     874                            .dwattr $C$DW$34, DW_AT_name("__ap")
     875                            .dwattr $C$DW$34, DW_AT_TI_symbol_name("__ap")
     876                            .dwattr $C$DW$34, DW_AT_data_member_location[DW_OP_plus_uconst 0x0]
     877                            .dwattr $C$DW$34, DW_AT_accessibility(DW_ACCESS_public)
     878                            .dwattr $C$DW$34, DW_AT_decl_file("C:/ti/ccsv6/tools/compiler/ti-cgt-arm_5.2.5/include/stdarg.
     879                            .dwattr $C$DW$34, DW_AT_decl_line(0x36)
     880                            .dwattr $C$DW$34, DW_AT_decl_column(0x0c)
TI ARM Assembler PC v5.2.5 Mon May 02 13:27:58 2016

Tools Copyright (c) 1996-2015 Texas Instruments Incorporated
CircularArray.asm                                                    PAGE   17

     881                            .dwendtag $C$DW$T$22
     882                    
     883                            .dwattr $C$DW$T$22, DW_AT_decl_file("C:/ti/ccsv6/tools/compiler/ti-cgt-arm_5.2.5/include/stdar
     884                            .dwattr $C$DW$T$22, DW_AT_decl_line(0x35)
     885                            .dwattr $C$DW$T$22, DW_AT_decl_column(0x10)
     886                    $C$DW$T$71      .dwtag  DW_TAG_typedef, DW_AT_name("va_list")
     887                            .dwattr $C$DW$T$71, DW_AT_type(*$C$DW$T$22)
     888                            .dwattr $C$DW$T$71, DW_AT_language(DW_LANG_C)
     889                            .dwattr $C$DW$T$71, DW_AT_decl_file("C:/ti/ccsv6/tools/compiler/ti-cgt-arm_5.2.5/include/stdar
     890                            .dwattr $C$DW$T$71, DW_AT_decl_line(0x37)
     891                            .dwattr $C$DW$T$71, DW_AT_decl_column(0x03)
     892                    $C$DW$T$72      .dwtag  DW_TAG_typedef, DW_AT_name("_Va_list")
     893                            .dwattr $C$DW$T$72, DW_AT_type(*$C$DW$T$71)
     894                            .dwattr $C$DW$T$72, DW_AT_language(DW_LANG_C)
     895                            .dwattr $C$DW$T$72, DW_AT_decl_file("C:/ti/ccsv6/tools/compiler/ti-cgt-arm_5.2.5/include/yvals
     896                            .dwattr $C$DW$T$72, DW_AT_decl_line(0x1f6)
     897                            .dwattr $C$DW$T$72, DW_AT_decl_column(0x17)
     898                            .dwattr $C$DW$CU, DW_AT_language(DW_LANG_C)
     899                    
     900                    ;***************************************************************
     901                    ;* DWARF CIE ENTRIES                                           *
     902                    ;***************************************************************
     903                    
     904                    $C$DW$CIE       .dwcie 14
     905                            .dwcfi  cfa_register, 13
     906                            .dwcfi  cfa_offset, 0
     907                            .dwcfi  undefined, 0
     908                            .dwcfi  undefined, 1
     909                            .dwcfi  undefined, 2
     910                            .dwcfi  undefined, 3
     911                            .dwcfi  same_value, 4
     912                            .dwcfi  same_value, 5
     913                            .dwcfi  same_value, 6
     914                            .dwcfi  same_value, 7
     915                            .dwcfi  same_value, 8
     916                            .dwcfi  same_value, 9
     917                            .dwcfi  same_value, 10
     918                            .dwcfi  same_value, 11
     919                            .dwcfi  undefined, 12
     920                            .dwcfi  undefined, 13
     921                            .dwcfi  undefined, 14
     922                            .dwcfi  undefined, 14
     923                            .dwcfi  undefined, 7
     924                            .dwcfi  undefined, 64
     925                            .dwcfi  undefined, 65
     926                            .dwcfi  undefined, 66
     927                            .dwcfi  undefined, 67
     928                            .dwcfi  undefined, 68
     929                            .dwcfi  undefined, 69
     930                            .dwcfi  undefined, 70
     931                            .dwcfi  undefined, 71
     932                            .dwcfi  undefined, 72
     933                            .dwcfi  undefined, 73
     934                            .dwcfi  undefined, 74
     935                            .dwcfi  undefined, 75
TI ARM Assembler PC v5.2.5 Mon May 02 13:27:58 2016

Tools Copyright (c) 1996-2015 Texas Instruments Incorporated
CircularArray.asm                                                    PAGE   18

     936                            .dwcfi  undefined, 76
     937                            .dwcfi  undefined, 77
     938                            .dwcfi  undefined, 78
     939                            .dwcfi  undefined, 79
     940                            .dwcfi  same_value, 80
     941                            .dwcfi  same_value, 81
     942                            .dwcfi  same_value, 82
     943                            .dwcfi  same_value, 83
     944                            .dwcfi  same_value, 84
     945                            .dwcfi  same_value, 85
     946                            .dwcfi  same_value, 86
     947                            .dwcfi  same_value, 87
     948                            .dwcfi  same_value, 88
     949                            .dwcfi  same_value, 89
     950                            .dwcfi  same_value, 90
     951                            .dwcfi  same_value, 91
     952                            .dwcfi  same_value, 92
     953                            .dwcfi  same_value, 93
     954                            .dwcfi  same_value, 94
     955                            .dwcfi  same_value, 95
     956                            .dwendentry
     957                            .dwendtag $C$DW$CU
     958                    

--------------------------
Thumb2 Statistics
--------------------------
Number of Thumb2 ins converted to Thumb = 0 (0%)
Number of Thumb ins in input = 108 (80%)
Number of Thumb2 ins encoded as Thumb2 = 26 (100%)
Number of Thumb2 ins converted to 2 OPND Thumb = 5


No Assembly Errors, No Assembly Warnings
